2025-08-09 12:07:35,503 - ERROR - [MARKET ORDER ERROR] APIError(code=-2015): Invalid API-key, IP, or permissions for action
2025-08-09 12:14:02,265 - ERROR - [MARKET ORDER ERROR] APIError(code=-2015): Invalid API-key, IP, or permissions for action
2025-08-09 12:33:34,459 - INFO - [MARKET ORDER] Attempting to place BUY 0.001 BTCUSDT
2025-08-09 12:33:34,460 - INFO - [MARKET ORDER SUCCESS] BUY 0.001 BTCUSDT
2025-08-09 12:33:34,460 - INFO - [ORDER DETAILS] {'symbol': 'BTCUSDT', 'side': 'BUY', 'type': 'MARKET', 'price': 'MARKET', 'quantity': 0.001, 'status': 'FILLED', 'orderId': 123456, 'clientOrderId': 'mock_order'}
2025-08-09 12:34:45,087 - INFO - [LIMIT ORDER] Attempting to place BUY 0.001 BTCUSDT @ 45000.0
2025-08-09 12:34:45,087 - INFO - [LIMIT ORDER SUCCESS] BUY 0.001 BTCUSDT @ 45000.0
2025-08-09 12:34:45,087 - INFO - [ORDER DETAILS] {'symbol': 'BTCUSDT', 'side': 'BUY', 'type': 'LIMIT', 'price': 45000.0, 'quantity': 0.001, 'status': 'FILLED', 'orderId': 123456, 'clientOrderId': 'mock_order'}
2025-08-09 12:35:42,804 - INFO - [GRID STRATEGY] Starting grid trading for BUY 0.01 BTCUSDT
2025-08-09 12:35:42,804 - INFO - [GRID PARAMS] Upper: 46000.0, Lower: 44000.0, Levels: 5
2025-08-09 12:35:42,804 - INFO - [GRID CALC] Generated 5 price levels
2025-08-09 12:35:42,804 - INFO - [GRID PRICES] [44000.0, 44500.0, 45000.0, 45500.0, 46000.0]
2025-08-09 12:35:42,816 - INFO - [GRID CALC] Quantity per level: 0.002
2025-08-09 12:35:42,816 - INFO - [GRID LEVEL 1/5] Placing BUY 0.002 BTCUSDT @ 44000.0
2025-08-09 12:35:42,816 - INFO - [GRID LEVEL SUCCESS] 1/5 - Order ID: 123456
2025-08-09 12:35:42,918 - INFO - [GRID LEVEL 2/5] Placing BUY 0.002 BTCUSDT @ 44500.0
2025-08-09 12:35:42,918 - INFO - [GRID LEVEL SUCCESS] 2/5 - Order ID: 123456
2025-08-09 12:35:43,020 - INFO - [GRID LEVEL 3/5] Placing BUY 0.002 BTCUSDT @ 45000.0
2025-08-09 12:35:43,020 - INFO - [GRID LEVEL SUCCESS] 3/5 - Order ID: 123456
2025-08-09 12:35:43,121 - INFO - [GRID LEVEL 4/5] Placing BUY 0.002 BTCUSDT @ 45500.0
2025-08-09 12:35:43,121 - INFO - [GRID LEVEL SUCCESS] 4/5 - Order ID: 123456
2025-08-09 12:35:43,222 - INFO - [GRID LEVEL 5/5] Placing BUY 0.002 BTCUSDT @ 46000.0
2025-08-09 12:35:43,222 - INFO - [GRID LEVEL SUCCESS] 5/5 - Order ID: 123456
2025-08-09 12:35:43,324 - INFO - [GRID COMPLETE] Placed 5/5 orders (100.00%)
2025-08-09 12:35:59,996 - INFO - [TWAP STRATEGY] Starting TWAP execution for BUY 0.01 BTCUSDT
2025-08-09 12:35:59,996 - INFO - [TWAP PARAMS] Duration: 1min, Chunks: 3
2025-08-09 12:35:59,996 - INFO - [TWAP CALC] Chunk quantity: 0.003333, Interval: 20s
2025-08-09 12:35:59,996 - INFO - [TWAP CHUNK 1/3] Placing BUY 0.003333 BTCUSDT
2025-08-09 12:35:59,996 - INFO - [TWAP CHUNK SUCCESS] 1/3 - Order ID: 123456
2025-08-09 12:36:20,002 - INFO - [TWAP CHUNK 2/3] Placing BUY 0.003333 BTCUSDT
2025-08-09 12:36:20,003 - INFO - [TWAP CHUNK SUCCESS] 2/3 - Order ID: 123456
2025-08-09 12:36:40,004 - INFO - [TWAP CHUNK 3/3] Placing BUY 0.003334 BTCUSDT
2025-08-09 12:36:40,005 - INFO - [TWAP CHUNK SUCCESS] 3/3 - Order ID: 123456
2025-08-09 12:36:40,007 - INFO - [TWAP COMPLETE] Executed 0.01/0.01 (100.00%)
